skywalking-cli [DEBUG] Args received Namespace(debug=True, option='run', prefork=False, command=['python', 'flask_consumer_prefork.py'])
skywalking-cli [DEBUG] SkyWalking Python agent with CLI option 'run' and command ['python', 'flask_consumer_prefork.py']
skywalking-cli [DEBUG] SkyWalking Python agent `runner` received command ['python', 'flask_consumer_prefork.py']
skywalking-cli [DEBUG] Adding sitecustomize.py to PYTHONPATH
skywalking-cli [DEBUG] Updated PYTHONPATH - /home/lgh/skywalking-python/.venv/lib/python3.9/site-packages/skywalking/bootstrap/loader:/home/lgh/skywalking-python/.venv/lib/python3.9/site-packages/skywalking/bootstrap/hooks
skywalking-cli [INFO] New process starting with command - `python` args - `['python', 'flask_consumer_prefork.py']`
skywalking-loader [pid:142998] [MainThread] [DEBUG] ---------------sitecustomize.py---------------
skywalking-loader [pid:142998] [MainThread] [DEBUG] Successfully imported sitecustomize.py from `/home/lgh/skywalking-python/.venv/lib/python3.9/site-packages/skywalking/bootstrap/loader/sitecustomize.py`
skywalking-loader [pid:142998] [MainThread] [DEBUG] You are inside working dir - /home/lgh/skywalking-python/demo
skywalking-loader [pid:142998] [MainThread] [DEBUG] Using Python version - 3.9.5 (default, Feb 25 2023, 03:44:01) 
[GCC 4.8.5 20150623 (Red Hat 4.8.5-44)] 
skywalking-loader [pid:142998] [MainThread] [DEBUG] Using executable at - /home/lgh/skywalking-python/.venv/bin/python
skywalking-loader [pid:142998] [MainThread] [DEBUG] System Base Python executable location /root/.pyenv/versions/3.9.5
skywalking-loader [pid:142998] [MainThread] [DEBUG] [The SkyWalking agent bootstrapper is running inside a virtual environment]
skywalking-loader [pid:142998] [MainThread] [DEBUG] Original sitecustomize module not found, skipping.
skywalking-loader [pid:142998] [MainThread] [INFO] Process-142998, running sitecustomize.py from /home/lgh/skywalking-python/.venv/lib/python3.9/site-packages/skywalking/bootstrap/loader/sitecustomize.py
skywalking-loader [pid:142998] [MainThread] [DEBUG] SkyWalking Python Agent starting, loader finished.
/home/lgh/skywalking-python/.venv/lib/python3.9/site-packages/skywalking/config.py:250: UserWarning: Kafka protocol does not support profiler. Please use gRPC protocol if you would like to use this feature.
  warnings.warn('Kafka protocol does not support profiler. Please use gRPC protocol if you would like to use '
2023-03-03 14:01:11,054 skywalking [pid:142998] [MainThread] [INFO] SkyWalking agent instance cc11b2b6b98811ed98c6001e67b790c1 starting in pid-142998.
2023-03-03 14:01:11,060 skywalking [pid:142998] [MainThread] [DEBUG] Installing plugin for logging module
2023-03-03 14:01:11,061 skywalking [pid:142998] [MainThread] [DEBUG] installing plugin sw_aiohttp
2023-03-03 14:01:11,272 skywalking [pid:142998] [MainThread] [DEBUG] Successfully installed plugin sw_aiohttp
2023-03-03 14:01:11,272 skywalking [pid:142998] [MainThread] [DEBUG] installing plugin sw_aioredis
2023-03-03 14:01:11,353 skywalking [pid:142998] [MainThread] [DEBUG] Successfully installed plugin sw_aioredis
2023-03-03 14:01:11,353 skywalking [pid:142998] [MainThread] [DEBUG] installing plugin sw_aiormq
2023-03-03 14:01:11,382 skywalking [pid:142998] [MainThread] [DEBUG] Successfully installed plugin sw_aiormq
2023-03-03 14:01:11,382 skywalking [pid:142998] [MainThread] [DEBUG] installing plugin sw_amqp
2023-03-03 14:01:11,393 skywalking [pid:142998] [MainThread] [DEBUG] Successfully installed plugin sw_amqp
2023-03-03 14:01:11,393 skywalking [pid:142998] [MainThread] [DEBUG] installing plugin sw_asyncpg
2023-03-03 14:01:11,433 skywalking [pid:142998] [MainThread] [DEBUG] Successfully installed plugin sw_asyncpg
2023-03-03 14:01:11,433 skywalking [pid:142998] [MainThread] [DEBUG] installing plugin sw_bottle
2023-03-03 14:01:11,441 skywalking [pid:142998] [MainThread] [DEBUG] Successfully installed plugin sw_bottle
2023-03-03 14:01:11,441 skywalking [pid:142998] [MainThread] [DEBUG] installing plugin sw_celery
2023-03-03 14:01:11,533 skywalking [pid:142998] [MainThread] [DEBUG] Successfully installed plugin sw_celery
2023-03-03 14:01:11,533 skywalking [pid:142998] [MainThread] [INFO] plugin sw_confluent_kafka is disabled and thus won't be installed
2023-03-03 14:01:11,533 skywalking [pid:142998] [MainThread] [DEBUG] installing plugin sw_django
2023-03-03 14:01:11,653 skywalking [pid:142998] [MainThread] [DEBUG] Successfully installed plugin sw_django
2023-03-03 14:01:11,653 skywalking [pid:142998] [MainThread] [DEBUG] installing plugin sw_elasticsearch
2023-03-03 14:01:11,758 skywalking [pid:142998] [MainThread] [DEBUG] Successfully installed plugin sw_elasticsearch
2023-03-03 14:01:11,758 skywalking [pid:142998] [MainThread] [DEBUG] installing plugin sw_falcon
2023-03-03 14:01:11,780 skywalking [pid:142998] [MainThread] [DEBUG] Successfully installed plugin sw_falcon
2023-03-03 14:01:11,780 skywalking [pid:142998] [MainThread] [DEBUG] installing plugin sw_fastapi
2023-03-03 14:01:11,823 skywalking [pid:142998] [MainThread] [DEBUG] Successfully installed plugin sw_fastapi
2023-03-03 14:01:11,824 skywalking [pid:142998] [MainThread] [DEBUG] installing plugin sw_flask
2023-03-03 14:01:11,977 skywalking [pid:142998] [MainThread] [DEBUG] Successfully installed plugin sw_flask
2023-03-03 14:01:11,977 skywalking [pid:142998] [MainThread] [INFO] plugin sw_happybase is disabled and thus won't be installed
2023-03-03 14:01:11,977 skywalking [pid:142998] [MainThread] [DEBUG] installing plugin sw_http_server
2023-03-03 14:01:11,978 skywalking [pid:142998] [MainThread] [DEBUG] Successfully installed plugin sw_http_server
2023-03-03 14:01:11,978 skywalking [pid:142998] [MainThread] [DEBUG] installing plugin sw_httpx
2023-03-03 14:01:12,078 skywalking [pid:142998] [MainThread] [DEBUG] Successfully installed plugin sw_httpx
2023-03-03 14:01:12,078 skywalking [pid:142998] [MainThread] [DEBUG] installing plugin sw_kafka
2023-03-03 14:01:12,127 skywalking [pid:142998] [MainThread] [DEBUG] Successfully installed plugin sw_kafka
2023-03-03 14:01:12,127 skywalking [pid:142998] [MainThread] [DEBUG] installing plugin sw_loguru
2023-03-03 14:01:12,151 skywalking [pid:142998] [MainThread] [DEBUG] Successfully installed plugin sw_loguru
2023-03-03 14:01:12,151 skywalking [pid:142998] [MainThread] [DEBUG] installing plugin sw_mysqlclient
2023-03-03 14:01:12,159 skywalking [pid:142998] [MainThread] [DEBUG] Successfully installed plugin sw_mysqlclient
2023-03-03 14:01:12,159 skywalking [pid:142998] [MainThread] [DEBUG] installing plugin sw_psycopg
2023-03-03 14:01:12,264 skywalking [pid:142998] [MainThread] [DEBUG] Successfully installed plugin sw_psycopg
2023-03-03 14:01:12,265 skywalking [pid:142998] [MainThread] [DEBUG] installing plugin sw_psycopg2
2023-03-03 14:01:12,278 skywalking [pid:142998] [MainThread] [DEBUG] Successfully installed plugin sw_psycopg2
2023-03-03 14:01:12,279 skywalking [pid:142998] [MainThread] [DEBUG] installing plugin sw_pymongo
2023-03-03 14:01:12,352 skywalking [pid:142998] [MainThread] [DEBUG] Successfully installed plugin sw_pymongo
2023-03-03 14:01:12,352 skywalking [pid:142998] [MainThread] [DEBUG] installing plugin sw_pymysql
2023-03-03 14:01:12,362 skywalking [pid:142998] [MainThread] [DEBUG] Successfully installed plugin sw_pymysql
2023-03-03 14:01:12,363 skywalking [pid:142998] [MainThread] [DEBUG] installing plugin sw_pyramid
2023-03-03 14:01:12,429 skywalking [pid:142998] [MainThread] [DEBUG] Successfully installed plugin sw_pyramid
2023-03-03 14:01:12,429 skywalking [pid:142998] [MainThread] [DEBUG] installing plugin sw_rabbitmq
2023-03-03 14:01:12,447 skywalking [pid:142998] [MainThread] [DEBUG] Successfully installed plugin sw_rabbitmq
2023-03-03 14:01:12,447 skywalking [pid:142998] [MainThread] [DEBUG] installing plugin sw_redis
2023-03-03 14:01:12,453 skywalking [pid:142998] [MainThread] [DEBUG] Successfully installed plugin sw_redis
2023-03-03 14:01:12,453 skywalking [pid:142998] [MainThread] [DEBUG] installing plugin sw_requests
2023-03-03 14:01:12,453 skywalking [pid:142998] [MainThread] [DEBUG] Successfully installed plugin sw_requests
2023-03-03 14:01:12,453 skywalking [pid:142998] [MainThread] [INFO] plugin sw_sanic is disabled and thus won't be installed
2023-03-03 14:01:12,454 skywalking [pid:142998] [MainThread] [DEBUG] installing plugin sw_tornado
2023-03-03 14:01:12,487 skywalking [pid:142998] [MainThread] [DEBUG] Successfully installed plugin sw_tornado
2023-03-03 14:01:12,487 skywalking [pid:142998] [MainThread] [DEBUG] installing plugin sw_urllib3
2023-03-03 14:01:12,488 skywalking [pid:142998] [MainThread] [DEBUG] Successfully installed plugin sw_urllib3
2023-03-03 14:01:12,488 skywalking [pid:142998] [MainThread] [DEBUG] installing plugin sw_urllib_request
2023-03-03 14:01:12,488 skywalking [pid:142998] [MainThread] [DEBUG] Successfully installed plugin sw_urllib_request
2023-03-03 14:01:12,488 skywalking [pid:142998] [MainThread] [DEBUG] installing plugin sw_websockets
2023-03-03 14:01:12,506 skywalking [pid:142998] [MainThread] [DEBUG] Successfully installed plugin sw_websockets
2023-03-03 14:01:12,526 skywalking [pid:142998] [MainThread] [DEBUG] Started meter service
2023-03-03 14:01:12,530 skywalking [pid:142998] [MainThread] [DEBUG] Kafka reporter configs: {'bootstrap.servers': '127.0.0.1:9094'}
2023-03-03 14:01:12,543 skywalking [pid:142998] [MainThread] [INFO] Using kafka protocol
2023-03-03 14:01:12,544 skywalking [pid:142998] [HeartbeatThread] [DEBUG] service heart beats, [Python Service Name], [cc11b2b6b98811ed98c6001e67b790c1]
 * Serving Flask app 'flask_consumer_prefork' (lazy loading)
 * Environment: production
   WARNING: This is a development server. Do not use it in a production deployment.
   Use a production WSGI server instead.
 * Debug mode: off
 * Running on all addresses.
   WARNING: This is a development server. Do not use it in a production deployment.
 * Running on http://10.3.242.223:9090/ (Press CTRL+C to quit)
2023-03-03 14:01:13,407 skywalking [pid:142998] [LogReportThread] [DEBUG] Reporting Log
2023-03-03 14:01:32,565 skywalking [pid:142998] [MeterReportThread] [DEBUG] Reporting Meter
127.0.0.1 - - [03/Mar/2023 14:01:36] "[33mGET / HTTP/1.1[0m" 404 -
2023-03-03 14:01:36,140 skywalking [pid:142998] [SegmentReportThread] [DEBUG] reporting segment Segment@140105328845632[segment_id=db13e78eb98811ed888d001e67b790c1, spans=[<skywalking.trace.span.EntrySpan object at 0x7f6ced2e6cd0>], timestamp=1677823296055, related_traces=[<skywalking.trace.segment._NewID object at 0x7f6cd05b63a0>]]
CRITICAL:root:fun cat got a request
127.0.0.1 - - [03/Mar/2023 14:01:39] "GET /cat HTTP/1.1" 200 -
INFO:werkzeug:127.0.0.1 - - [03/Mar/2023 14:01:39] "GET /cat HTTP/1.1" 200 -
2023-03-03 14:01:39,838 skywalking [pid:142998] [LogReportThread] [DEBUG] Reporting Log
2023-03-03 14:01:39,875 skywalking [pid:142998] [SegmentReportThread] [DEBUG] reporting segment Segment@140105328844912[segment_id=dd54add0b98811edbdce001e67b790c1, spans=[<skywalking.trace.span.EntrySpan object at 0x7f6cd190d820>], timestamp=1677823299835, related_traces=[<skywalking.trace.segment._NewID object at 0x7f6cd06345e0>]]
CRITICAL:root:fun cat got a request
127.0.0.1 - - [03/Mar/2023 14:01:41] "GET /cat HTTP/1.1" 200 -
2023-03-03 14:01:41,678 skywalking [pid:142998] [LogReportThread] [DEBUG] Reporting Log
INFO:werkzeug:127.0.0.1 - - [03/Mar/2023 14:01:41] "GET /cat HTTP/1.1" 200 -
2023-03-03 14:01:41,739 skywalking [pid:142998] [SegmentReportThread] [DEBUG] reporting segment Segment@140105329583296[segment_id=de6d38c2b98811edbba1001e67b790c1, spans=[<skywalking.trace.span.EntrySpan object at 0x7f6cd190d730>], timestamp=1677823301674, related_traces=[<skywalking.trace.segment._NewID object at 0x7f6cd05f5730>]]
CRITICAL:root:fun cat got a request
127.0.0.1 - - [03/Mar/2023 14:01:42] "GET /cat HTTP/1.1" 200 -
INFO:werkzeug:127.0.0.1 - - [03/Mar/2023 14:01:42] "GET /cat HTTP/1.1" 200 -
2023-03-03 14:01:42,164 skywalking [pid:142998] [LogReportThread] [DEBUG] Reporting Log
2023-03-03 14:01:42,165 skywalking [pid:142998] [SegmentReportThread] [DEBUG] reporting segment Segment@140105328836176[segment_id=deb7bae6b98811ed9110001e67b790c1, spans=[<skywalking.trace.span.EntrySpan object at 0x7f6cd05b3dc0>], timestamp=1677823302162, related_traces=[<skywalking.trace.segment._NewID object at 0x7f6cd05b3730>]]
CRITICAL:root:fun cat got a request
127.0.0.1 - - [03/Mar/2023 14:01:42] "GET /cat HTTP/1.1" 200 -
2023-03-03 14:01:42,500 skywalking [pid:142998] [LogReportThread] [DEBUG] Reporting Log
INFO:werkzeug:127.0.0.1 - - [03/Mar/2023 14:01:42] "GET /cat HTTP/1.1" 200 -
2023-03-03 14:01:42,501 skywalking [pid:142998] [SegmentReportThread] [DEBUG] reporting segment Segment@140105328850160[segment_id=deeb08f6b98811ed88e1001e67b790c1, spans=[<skywalking.trace.span.EntrySpan object at 0x7f6cd05b7670>], timestamp=1677823302498, related_traces=[<skywalking.trace.segment._NewID object at 0x7f6cd05b7490>]]
2023-03-03 14:01:42,544 skywalking [pid:142998] [HeartbeatThread] [DEBUG] service heart beats, [Python Service Name], [cc11b2b6b98811ed98c6001e67b790c1]
2023-03-03 14:01:42,544 skywalking [pid:142998] [HeartbeatThread] [DEBUG] heartbeat response: <cimpl.Message object at 0x7f6cd059b340>
CRITICAL:root:fun cat got a request
127.0.0.1 - - [03/Mar/2023 14:01:42] "GET /cat HTTP/1.1" 200 -
2023-03-03 14:01:42,814 skywalking [pid:142998] [LogReportThread] [DEBUG] Reporting Log
INFO:werkzeug:127.0.0.1 - - [03/Mar/2023 14:01:42] "GET /cat HTTP/1.1" 200 -
2023-03-03 14:01:42,840 skywalking [pid:142998] [SegmentReportThread] [DEBUG] reporting segment Segment@140105328851648[segment_id=df1ad540b98811edbd58001e67b790c1, spans=[<skywalking.trace.span.EntrySpan object at 0x7f6cd05b7b80>], timestamp=1677823302812, related_traces=[<skywalking.trace.segment._NewID object at 0x7f6cd05b7bb0>]]
CRITICAL:root:fun cat got a request
127.0.0.1 - - [03/Mar/2023 14:01:43] "GET /cat HTTP/1.1" 200 -
INFO:werkzeug:127.0.0.1 - - [03/Mar/2023 14:01:43] "GET /cat HTTP/1.1" 200 -
2023-03-03 14:01:43,054 skywalking [pid:142998] [LogReportThread] [DEBUG] Reporting Log
2023-03-03 14:01:43,065 skywalking [pid:142998] [SegmentReportThread] [DEBUG] reporting segment Segment@140105328836080[segment_id=df3f7b34b98811ed918c001e67b790c1, spans=[<skywalking.trace.span.EntrySpan object at 0x7f6cd05b3af0>], timestamp=1677823303052, related_traces=[<skywalking.trace.segment._NewID object at 0x7f6cd05b3dc0>]]
CRITICAL:root:fun cat got a request
127.0.0.1 - - [03/Mar/2023 14:01:43] "GET /cat HTTP/1.1" 200 -
2023-03-03 14:01:43,252 skywalking [pid:142998] [LogReportThread] [DEBUG] Reporting Log
INFO:werkzeug:127.0.0.1 - - [03/Mar/2023 14:01:43] "GET /cat HTTP/1.1" 200 -
2023-03-03 14:01:43,253 skywalking [pid:142998] [SegmentReportThread] [DEBUG] reporting segment Segment@140105329467984[segment_id=df5dac30b98811edaa23001e67b790c1, spans=[<skywalking.trace.span.EntrySpan object at 0x7f6cd066acd0>], timestamp=1677823303250, related_traces=[<skywalking.trace.segment._NewID object at 0x7f6cd066ac40>]]
CRITICAL:root:fun cat got a request
127.0.0.1 - - [03/Mar/2023 14:01:43] "GET /cat HTTP/1.1" 200 -
2023-03-03 14:01:43,677 skywalking [pid:142998] [LogReportThread] [DEBUG] Reporting Log
INFO:werkzeug:127.0.0.1 - - [03/Mar/2023 14:01:43] "GET /cat HTTP/1.1" 200 -
2023-03-03 14:01:43,678 skywalking [pid:142998] [SegmentReportThread] [DEBUG] reporting segment Segment@140105349125600[segment_id=df9e9088b98811ed8f55001e67b790c1, spans=[<skywalking.trace.span.EntrySpan object at 0x7f6cd190d820>], timestamp=1677823303675, related_traces=[<skywalking.trace.segment._NewID object at 0x7f6cd190da60>]]
2023-03-03 14:01:53,581 skywalking [pid:142998] [MeterReportThread] [DEBUG] Reporting Meter
2023-03-03 14:02:12,548 skywalking [pid:142998] [HeartbeatThread] [DEBUG] service heart beats, [Python Service Name], [cc11b2b6b98811ed98c6001e67b790c1]
2023-03-03 14:02:12,549 skywalking [pid:142998] [HeartbeatThread] [DEBUG] heartbeat response: <cimpl.Message object at 0x7f6cd059b340>
2023-03-03 14:02:14,583 skywalking [pid:142998] [MeterReportThread] [DEBUG] Reporting Meter
2023-03-03 14:02:19,738 skywalking [pid:142998] [MainThread] [DEBUG] Reporting Meter
2023-03-03 14:02:19,739 skywalking [pid:142998] [MainThread] [DEBUG] heartbeat response: <cimpl.Message object at 0x7f6ce5917e40>
2023-03-03 14:02:19,740 skywalking [pid:142998] [MainThread] [DEBUG] Confluent-Kafka local queue cleaned
